0 info it worked if it ends with ok
1 verbose cli [ 'node', '/usr/local/bin/npm', 'publish' ]
2 info using npm@1.4.28
3 info using node@v0.10.33
4 verbose publish [ '.' ]
5 verbose cache add [ '.', null ]
6 verbose cache add name=undefined spec="." args=[".",null]
7 verbose parsed url { protocol: null,
7 verbose parsed url   slashes: null,
7 verbose parsed url   auth: null,
7 verbose parsed url   host: null,
7 verbose parsed url   port: null,
7 verbose parsed url   hostname: null,
7 verbose parsed url   hash: null,
7 verbose parsed url   search: null,
7 verbose parsed url   query: null,
7 verbose parsed url   pathname: '.',
7 verbose parsed url   path: '.',
7 verbose parsed url   href: '.' }
8 silly lockFile 3a52ce78- .
9 verbose lock . /Users/vicanso/.npm/3a52ce78-.lock
10 verbose tar pack [ '/Users/vicanso/.npm/jtstats_client/0.1.0/package.tgz', '.' ]
11 verbose tarball /Users/vicanso/.npm/jtstats_client/0.1.0/package.tgz
12 verbose folder .
13 info prepublish jtstats_client@0.1.0
14 silly lockFile 1f1177db-tar tar://.
15 verbose lock tar://. /Users/vicanso/.npm/1f1177db-tar.lock
16 silly lockFile a1806ff9-jtstats-client-0-1-0-package-tgz tar:///Users/vicanso/.npm/jtstats_client/0.1.0/package.tgz
17 verbose lock tar:///Users/vicanso/.npm/jtstats_client/0.1.0/package.tgz /Users/vicanso/.npm/a1806ff9-jtstats-client-0-1-0-package-tgz.lock
18 silly lockFile 1f1177db-tar tar://.
19 silly lockFile 1f1177db-tar tar://.
20 silly lockFile a1806ff9-jtstats-client-0-1-0-package-tgz tar:///Users/vicanso/.npm/jtstats_client/0.1.0/package.tgz
21 silly lockFile a1806ff9-jtstats-client-0-1-0-package-tgz tar:///Users/vicanso/.npm/jtstats_client/0.1.0/package.tgz
22 silly lockFile d2b0a617-npm-jtstats-client-0-1-0-package /Users/vicanso/.npm/jtstats_client/0.1.0/package
23 verbose lock /Users/vicanso/.npm/jtstats_client/0.1.0/package /Users/vicanso/.npm/d2b0a617-npm-jtstats-client-0-1-0-package.lock
24 silly lockFile d2b0a617-npm-jtstats-client-0-1-0-package /Users/vicanso/.npm/jtstats_client/0.1.0/package
25 silly lockFile d2b0a617-npm-jtstats-client-0-1-0-package /Users/vicanso/.npm/jtstats_client/0.1.0/package
26 silly lockFile 3a52ce78- .
27 silly lockFile 3a52ce78- .
28 silly publish { name: 'jtstats_client',
28 silly publish   description: 'jtstats client',
28 silly publish   version: '0.1.0',
28 silly publish   main: 'index',
28 silly publish   dependencies: {},
28 silly publish   devDependencies:
28 silly publish    { gulp: '^3.8.10',
28 silly publish      'gulp-coverage': '^0.3.31',
28 silly publish      'gulp-jshint': '^1.9.0',
28 silly publish      'gulp-mocha': '^1.1.1' },
28 silly publish   readme: '# 模块描述\n\nJTStatsClient，发送监控数据的客户端，与JTStats配合使用，相关说明请参考：https://github.com/vicanso/jtstats\n\n# API\n\n- [constructor](#constructor)\n- [count](#count)\n- [average](#average)\n- [gauge](#gauge)\n\n<a name="constructor" />\n## constructor\n### 构造函数\n\n### 参数列表\n\n- options {host : \'监听的host\', port : \'监听的端口\', category : \'类别\', bufferSize : \'缓存多少条记录才发送\'}\n\n```js\nvar JTStatsClient = require(\'jtstats_client\');\nvar client = new JTStatsClient({\n  host : \'127.0.0.1\',\n  port : 9300,\n  category : \'haproxy\'\n})\n```\n\n<a name="count" />\n## count\n### 累加（在后台服务器会将特定时间间隔的值累加）\n\n### 参数列表\n\n- key 用于标识该counter（若new Client时未设置category，可在此设置category|key）\n- value 累加的数值，默认为1\n\n```js\n//httpRequest的请求次数加1\nclient.count(\'httpRequest\');\n//httpRequest的请求次数加3\nclient.count(\'httpRequest\', 3);\n//若client未设置category\nclient.count(\'haproxy|httpRequest\', 2);\n```\n\n<a name="average" />\n## average\n### 平均值（在后台服务器会将特定时间间隔的值计算平均值）\n\n### 参数列表\n\n- key 用于标识该average（若new Client时未设置category，可在此设置category|key）\n- value \n\n```js\n//httpResTime的响应时间发送到后台统计\nclient.average(\'httpResTime\', 300);\n```\n\n\n<a name="gauge" />\n## gauge\n### 数值（在后台服务器会将特定时间间隔的值取最新值）\n\n### 参数列表\n\n- key 用于标识该gauge（若new Client时未设置category，可在此设置category|key）\n- value \n\n```js\n//connectTotal设置为180\nclient.gauge(\'connectTotal\', 180);\n```',
28 silly publish   readmeFilename: 'README.md',
28 silly publish   gitHead: '6f6b4859f6ce23f8bb8987d0427add19133c894d',
28 silly publish   _id: 'jtstats_client@0.1.0',
28 silly publish   scripts: {},
28 silly publish   _shasum: '7f68fa10b6ca1c0d16c4ac04578f0b28e7f53a57',
28 silly publish   _from: '.' }
29 verbose request where is /jtstats_client
30 verbose request registry https://registry.npmjs.org/
31 verbose request id f4e8c977dbd56ed6
32 verbose url raw /jtstats_client
33 verbose url resolving [ 'https://registry.npmjs.org/', './jtstats_client' ]
34 verbose url resolved https://registry.npmjs.org/jtstats_client
35 verbose request where is https://registry.npmjs.org/jtstats_client
36 info trying registry request attempt 1 at 19:28:40
37 http PUT https://registry.npmjs.org/jtstats_client
38 http 403 https://registry.npmjs.org/jtstats_client
39 verbose headers { date: 'Sun, 09 Nov 2014 11:28:41 GMT',
39 verbose headers   server: 'CouchDB/1.5.0 (Erlang OTP/R16B03)',
39 verbose headers   'content-type': 'application/json',
39 verbose headers   'cache-control': 'max-age=60',
39 verbose headers   'content-length': '4657',
39 verbose headers   'accept-ranges': 'bytes',
39 verbose headers   via: '1.1 varnish',
39 verbose headers   'x-served-by': 'cache-ty67-TYO',
39 verbose headers   'x-cache': 'MISS',
39 verbose headers   'x-cache-hits': '0',
39 verbose headers   'x-timer': 'S1415532521.486411,VS0,VE249',
39 verbose headers   'keep-alive': 'timeout=10, max=50',
39 verbose headers   connection: 'Keep-Alive' }
40 error publish Failed PUT 403
41 error Error: forbidden user: vicanso not authorized to modify jtstats_client
41 error Changed: dist-tags.latest "0.0.8" -> "0.1.0"
41 error Added: versions.0.1.0
41 error Changed: readme "# 模块描述\u000a\u000aJTStatsClient，发送监控数据的客户端，与JTStats配合使用，相关说明请参考：https://github.com/vicanso/jtstats\u000a\u000a# API\u000a\u000a- [constructor](#constructor)\u000a- [count](#count)\u000a- [average](#average)\u000a- [gauge](#gauge)\u000a\u000a<a name=\"constructor\" />\u000a## constructor\u000a### 构造函数\u000a\u000a### 参数列表\u000a\u000a- options {host : '监听的host', port : '监听的端口', category : '类别', bufferSize : '缓存多少条记录才发送'}\u000a\u000a```js\u000avar JTStatsClient = require('jtstats_client');\u000avar client = new JTStatsClient({\u000a  host : '127.0.0.1',\u000a  port : '9300',\u000a  category : 'haproxy'\u000a})\u000a```\u000a\u000a<a name=\"count\" />\u000a## count\u000a### 累加（在后台服务器会将特定时间间隔的值累加）\u000a\u000a### 参数列表\u000a\u000a- key 用于标识该counter（若new Client时未设置category，可在此设置category|key）\u000a- value 累加的数值，默认为1\u000a\u000a```js\u000a//httpRequest的请求次数加1\u000aclient.count('httpRequest');\u000a//httpRequest的请求次数加3\u000aclient.count('httpRequest', 3);\u000a//若client未设置category\u000aclient.count('haproxy|httpRequest', 2);\u000a```\u000a\u000a<a name=\"average\" />\u000a## average\u000a### 平均值（在后台服务器会将特定时间间隔的值计算平均值）\u000a\u000a### 参数列表\u000a\u000a- key 用于标识该average（若new Client时未设置category，可在此设置category|key）\u000a- value \u000a\u000a```js\u000a//httpResTime的响应时间发送到后台统计\u000aclient.average('httpResTime', 300);\u000a```\u000a\u000a\u000a<a name=\"gauge\" />\u000a## gauge\u000a### 数值（在后台服务器会将特定时间间隔的值取最新值）\u000a\u000a### 参数列表\u000a\u000a- key 用于标识该gauge（若new Client时未设置category，可在此设置category|key）\u000a- value \u000a\u000a```js\u000a//connectTotal设置为180\u000aclient.gauge('connectTotal', 180);\u000a```" -> "# 模块描述\u000a\u000aJTStatsClient，发送监控数据的客户端，与JTStats配合使用，相关说明请参考：https://github.com/vicanso/jtstats\u000a\u000a# API\u000a\u000a- [constructor](#constructor)\u000a- [count](#count)\u000a- [average](#average)\u000a- [gauge](#gauge)\u000a\u000a<a name=\"constructor\" />\u000a## constructor\u000a### 构造函数\u000a\u000a### 参数列表\u000a\u000a- options {host : '监听的host', port : '监听的端口', category : '类别', bufferSize : '缓存多少条记录才发送'}\u000a\u000a```js\u000avar JTStatsClient = require('jtstats_client');\u000avar client = new JTStatsClient({\u000a  host : '127.0.0.1',\u000a  port : 9300,\u000a  category : 'haproxy'\u000a})\u000a```\u000a\u000a<a name=\"count\" />\u000a## count\u000a### 累加（在后台服务器会将特定时间间隔的值累加）\u000a\u000a### 参数列表\u000a\u000a- key 用于标识该counter（若new Client时未设置category，可在此设置category|key）\u000a- value 累加的数值，默认为1\u000a\u000a```js\u000a//httpRequest的请求次数加1\u000aclient.count('httpRequest');\u000a//httpRequest的请求次数加3\u000aclient.count('httpRequest', 3);\u000a//若client未设置category\u000aclient.count('haproxy|httpRequest', 2);\u000a```\u000a\u000a<a name=\"average\" />\u000a## average\u000a### 平均值（在后台服务器会将特定时间间隔的值计算平均值）\u000a\u000a### 参数列表\u000a\u000a- key 用于标识该average（若new Client时未设置category，可在此设置category|key）\u000a- value \u000a\u000a```js\u000a//httpResTime的响应时间发送到后台统计\u000aclient.average('httpResTime', 300);\u000a```\u000a\u000a\u000a<a name=\"gauge\" />\u000a## gauge\u000a### 数值（在后台服务器会将特定时间间隔的值取最新值）\u000a\u000a### 参数列表\u000a\u000a- key 用于标识该gauge（若new Client时未设置category，可在此设置category|key）\u000a- value \u000a\u000a```js\u000a//connectTotal设置为180\u000aclient.gauge('connectTotal', 180);\u000a```"
41 error Changed: time.modified "2014-10-16T12:37:53.797Z" -> "2014-11-09T11:28:49.759Z"
41 error Added: time.0.1.0
41 error Added: _attachments: jtstats_client
41 error     at RegClient.<anonymous> (/usr/local/lib/node_modules/npm/node_modules/npm-registry-client/lib/request.js:308:14)
41 error     at Request._callback (/usr/local/lib/node_modules/npm/node_modules/npm-registry-client/lib/request.js:246:65)
41 error     at Request.self.callback (/usr/local/lib/node_modules/npm/node_modules/request/request.js:236:22)
41 error     at Request.emit (events.js:98:17)
41 error     at Request.<anonymous> (/usr/local/lib/node_modules/npm/node_modules/request/request.js:1142:14)
41 error     at Request.emit (events.js:117:20)
41 error     at IncomingMessage.<anonymous> (/usr/local/lib/node_modules/npm/node_modules/request/request.js:1096:12)
41 error     at IncomingMessage.emit (events.js:117:20)
41 error     at _stream_readable.js:943:16
41 error     at process._tickCallback (node.js:419:13)
42 error If you need help, you may report this *entire* log,
42 error including the npm and node versions, at:
42 error     <http://github.com/npm/npm/issues>
43 error System Darwin 14.0.0
44 error command "node" "/usr/local/bin/npm" "publish"
45 error cwd /Users/vicanso/github/jtstats_client
46 error node -v v0.10.33
47 error npm -v 1.4.28
48 verbose exit [ 1, true ]
